<?xml version="1.0" encoding="UTF-8" ?>
<testsuite errors="1" failures="0" hostname="Lenovo-PC" name="org.junit.runner.manipulation.Filter" tests="1" time="0.137" timestamp="2016-01-12T01:05:57">
  <properties />
  <testcase classname="org.junit.runner.manipulation.Filter" name="initializationError" time="0.135">
    <error message="No tests found matching grails test target pattern filter from org.junit.runner.Request$1@5b5a4aed" type="java.lang.Exception">java.lang.Exception: No tests found matching grails test target pattern filter from org.junit.runner.Request$1@5b5a4aed
</error>
  </testcase>
  <system-out><![CDATA[--Output from initializationError--
]]></system-out>
  <system-err><![CDATA[--Output from initializationError--
]]></system-err>
</testsuite>
