# JRE version: Java(TM) SE Runtime Environment (8.0_05-b13) (build 1.8.0_05-b13)
# Java VM: Java HotSpot(TM) 64-Bit Server VM (25.5-b02 mixed mode windows-amd64 compressed oops)
Heap:
 PSYoungGen      total 206848K, used 102181K [0x00000000f0000000, 0x0000000100000000, 0x0000000100000000)
  eden space 161280K, 41% used [0x00000000f0000000,0x00000000f41c38d8,0x00000000f9d80000)
  from space 45568K, 76% used [0x00000000fce00000,0x00000000ff005db8,0x00000000ffa80000)
  to   space 49664K, 0% used [0x00000000f9d80000,0x00000000f9d80000,0x00000000fce00000)
 ParOldGen       total 87552K, used 78723K [0x00000000d0000000, 0x00000000d5580000, 0x00000000f0000000)
  object space 87552K, 89% used [0x00000000d0000000,0x00000000d4ce0da0,0x00000000d5580000)
 Metaspace       used 64435K, capacity 66084K, committed 66380K, reserved 1107968K
  class space    used 7028K, capacity 7504K, committed 7552K, reserved 1048576K
GC Heap History (10 events):
Event: 24.867 GC heap before
{Heap before GC invocations=68 (full 6):
 PSYoungGen      total 202752K, used 163673K [0x00000000f0000000, 0x00000000ff600000, 0x0000000100000000)
  eden space 152576K, 100% used [0x00000000f0000000,0x00000000f9500000,0x00000000f9500000)
  from space 50176K, 22% used [0x00000000f9500000,0x00000000f9fd6720,0x00000000fc600000)
  to   space 47104K, 0% used [0x00000000fc800000,0x00000000fc800000,0x00000000ff600000)
 ParOldGen       total 87552K, used 76748K [0x00000000d0000000, 0x00000000d5580000, 0x00000000f0000000)
  object space 87552K, 87% used [0x00000000d0000000,0x00000000d4af3080,0x00000000d5580000)
 Metaspace       used 60019K, capacity 61596K, committed 62028K, reserved 1103872K
  class space    used 6458K, capacity 6938K, committed 7040K, reserved 1048576K
Event: 24.882 GC heap after
Heap after GC invocations=68 (full 6):
 PSYoungGen      total 197632K, used 13366K [0x00000000f0000000, 0x00000000fef80000, 0x0000000100000000)
  eden space 157184K, 0% used [0x00000000f0000000,0x00000000f0000000,0x00000000f9980000)
  from space 40448K, 33% used [0x00000000fc800000,0x00000000fd50db68,0x00000000fef80000)
  to   space 44032K, 0% used [0x00000000f9980000,0x00000000f9980000,0x00000000fc480000)
 ParOldGen       total 87552K, used 77540K [0x00000000d0000000, 0x00000000d5580000, 0x00000000f0000000)
  object space 87552K, 88% used [0x00000000d0000000,0x00000000d4bb9080,0x00000000d5580000)
 Metaspace       used 60019K, capacity 61596K, committed 62028K, reserved 1103872K
  class space    used 6458K, capacity 6938K, committed 7040K, reserved 1048576K
}
Event: 25.963 GC heap before
{Heap before GC invocations=69 (full 6):
 PSYoungGen      total 197632K, used 170550K [0x00000000f0000000, 0x00000000fef80000, 0x0000000100000000)
  eden space 157184K, 100% used [0x00000000f0000000,0x00000000f9980000,0x00000000f9980000)
  from space 40448K, 33% used [0x00000000fc800000,0x00000000fd50db68,0x00000000fef80000)
  to   space 44032K, 0% used [0x00000000f9980000,0x00000000f9980000,0x00000000fc480000)
 ParOldGen       total 87552K, used 77540K [0x00000000d0000000, 0x00000000d5580000, 0x00000000f0000000)
  object space 87552K, 88% used [0x00000000d0000000,0x00000000d4bb9080,0x00000000d5580000)
 Metaspace       used 60766K, capacity 62410K, committed 62668K, reserved 1105920K
  class space    used 6562K, capacity 7048K, committed 7168K, reserved 1048576K
Event: 25.999 GC heap after
Heap after GC invocations=69 (full 6):
 PSYoungGen      total 201216K, used 17908K [0x00000000f0000000, 0x00000000ff100000, 0x0000000100000000)
  eden space 157184K, 0% used [0x00000000f0000000,0x00000000f0000000,0x00000000f9980000)
  from space 44032K, 40% used [0x00000000f9980000,0x00000000faafd2f8,0x00000000fc480000)
  to   space 42496K, 0% used [0x00000000fc780000,0x00000000fc780000,0x00000000ff100000)
 ParOldGen       total 87552K, used 78275K [0x00000000d0000000, 0x00000000d5580000, 0x00000000f0000000)
  object space 87552K, 89% used [0x00000000d0000000,0x00000000d4c70da0,0x00000000d5580000)
 Metaspace       used 60766K, capacity 62410K, committed 62668K, reserved 1105920K
  class space    used 6562K, capacity 7048K, committed 7168K, reserved 1048576K
}
Event: 26.857 GC heap before
{Heap before GC invocations=70 (full 6):
 PSYoungGen      total 201216K, used 175092K [0x00000000f0000000, 0x00000000ff100000, 0x0000000100000000)
  eden space 157184K, 100% used [0x00000000f0000000,0x00000000f9980000,0x00000000f9980000)
  from space 44032K, 40% used [0x00000000f9980000,0x00000000faafd2f8,0x00000000fc480000)
  to   space 42496K, 0% used [0x00000000fc780000,0x00000000fc780000,0x00000000ff100000)
 ParOldGen       total 87552K, used 78275K [0x00000000d0000000, 0x00000000d5580000, 0x00000000f0000000)
  object space 87552K, 89% used [0x00000000d0000000,0x00000000d4c70da0,0x00000000d5580000)
 Metaspace       used 61784K, capacity 63428K, committed 63692K, reserved 1105920K
  class space    used 6677K, capacity 7152K, committed 7168K, reserved 1048576K
Event: 26.886 GC heap after
Heap after GC invocations=70 (full 6):
 PSYoungGen      total 203776K, used 23346K [0x00000000f0000000, 0x00000000ff200000, 0x0000000100000000)
  eden space 161280K, 0% used [0x00000000f0000000,0x00000000f0000000,0x00000000f9d80000)
  from space 42496K, 54% used [0x00000000fc780000,0x00000000fde4c9d8,0x00000000ff100000)
  to   space 43008K, 0% used [0x00000000f9d80000,0x00000000f9d80000,0x00000000fc780000)
 ParOldGen       total 87552K, used 78579K [0x00000000d0000000, 0x00000000d5580000, 0x00000000f0000000)
  object space 87552K, 89% used [0x00000000d0000000,0x00000000d4cbcda0,0x00000000d5580000)
 Metaspace       used 61784K, capacity 63428K, committed 63692K, reserved 1105920K
  class space    used 6677K, capacity 7152K, committed 7168K, reserved 1048576K
}
Event: 28.199 GC heap before
{Heap before GC invocations=71 (full 6):
 PSYoungGen      total 203776K, used 184626K [0x00000000f0000000, 0x00000000ff200000, 0x0000000100000000)
  eden space 161280K, 100% used [0x00000000f0000000,0x00000000f9d80000,0x00000000f9d80000)
  from space 42496K, 54% used [0x00000000fc780000,0x00000000fde4c9d8,0x00000000ff100000)
  to   space 43008K, 0% used [0x00000000f9d80000,0x00000000f9d80000,0x00000000fc780000)
 ParOldGen       total 87552K, used 78579K [0x00000000d0000000, 0x00000000d5580000, 0x00000000f0000000)
  object space 87552K, 89% used [0x00000000d0000000,0x00000000d4cbcda0,0x00000000d5580000)
 Metaspace       used 62804K, capacity 64362K, committed 64588K, reserved 1105920K
  class space    used 6776K, capacity 7249K, committed 7296K, reserved 1048576K
Event: 28.225 GC heap after
Heap after GC invocations=71 (full 6):
 PSYoungGen      total 204288K, used 29878K [0x00000000f0000000, 0x00000000ffa80000, 0x0000000100000000)
  eden space 161280K, 0% used [0x00000000f0000000,0x00000000f0000000,0x00000000f9d80000)
  from space 43008K, 69% used [0x00000000f9d80000,0x00000000fbaad8f8,0x00000000fc780000)
  to   space 45568K, 0% used [0x00000000fce00000,0x00000000fce00000,0x00000000ffa80000)
 ParOldGen       total 87552K, used 78675K [0x00000000d0000000, 0x00000000d5580000, 0x00000000f0000000)
  object space 87552K, 89% used [0x00000000d0000000,0x00000000d4cd4da0,0x00000000d5580000)
 Metaspace       used 62804K, capacity 64362K, committed 64588K, reserved 1105920K
  class space    used 6776K, capacity 7249K, committed 7296K, reserved 1048576K
}
Event: 28.743 GC heap before
{Heap before GC invocations=72 (full 6):
 PSYoungGen      total 204288K, used 191158K [0x00000000f0000000, 0x00000000ffa80000, 0x0000000100000000)
  eden space 161280K, 100% used [0x00000000f0000000,0x00000000f9d80000,0x00000000f9d80000)
  from space 43008K, 69% used [0x00000000f9d80000,0x00000000fbaad8f8,0x00000000fc780000)
  to   space 45568K, 0% used [0x00000000fce00000,0x00000000fce00000,0x00000000ffa80000)
 ParOldGen       total 87552K, used 78675K [0x00000000d0000000, 0x00000000d5580000, 0x00000000f0000000)
  object space 87552K, 89% used [0x00000000d0000000,0x00000000d4cd4da0,0x00000000d5580000)
 Metaspace       used 64095K, capacity 65706K, committed 66124K, reserved 1107968K
  class space    used 6967K, capacity 7441K, committed 7552K, reserved 1048576K
Event: 28.779 GC heap after
Heap after GC invocations=72 (full 6):
 PSYoungGen      total 206848K, used 34839K [0x00000000f0000000, 0x0000000100000000, 0x0000000100000000)
  eden space 161280K, 0% used [0x00000000f0000000,0x00000000f0000000,0x00000000f9d80000)
  from space 45568K, 76% used [0x00000000fce00000,0x00000000ff005db8,0x00000000ffa80000)
  to   space 49664K, 0% used [0x00000000f9d80000,0x00000000f9d80000,0x00000000fce00000)
 ParOldGen       total 87552K, used 78723K [0x00000000d0000000, 0x00000000d5580000, 0x00000000f0000000)
  object space 87552K, 89% used [0x00000000d0000000,0x00000000d4ce0da0,0x00000000d5580000)
 Metaspace       used 64095K, capacity 65706K, committed 66124K, reserved 1107968K
  class space    used 6967K, capacity 7441K, committed 7552K, reserved 1048576K
}

